# JRE version: OpenJDK Runtime Environment (8.0_112-b06) (build 1.8.0_112-release-b06)
# Java VM: OpenJDK 64-Bit Server VM (25.112-b06 mixed mode bsd-amd64 compressed oops)
Heap:
 PSYoungGen      total 348160K, used 129563K [0x00000007a0000000, 0x00000007c0000000, 0x00000007c0000000)
  eden space 218112K, 0% used [0x00000007a0000000,0x00000007a0000000,0x00000007ad500000)
  from space 130048K, 99% used [0x00000007ad500000,0x00000007b5386f30,0x00000007b5400000)
  to   space 169984K, 0% used [0x00000007b5a00000,0x00000007b5a00000,0x00000007c0000000)
 ParOldGen       total 377856K, used 328851K [0x0000000760000000, 0x0000000777100000, 0x00000007a0000000)
  object space 377856K, 87% used [0x0000000760000000,0x0000000774124fa8,0x0000000777100000)
 Metaspace       used 99719K, capacity 103442K, committed 104576K, reserved 1140736K
  class space    used 12582K, capacity 13199K, committed 13440K, reserved 1048576K
GC Heap History (10 events):
Event: 3852.391 GC heap after
Heap after GC invocations=23 (full 4):
 PSYoungGen      total 405504K, used 48890K [0x00000007a0000000, 0x00000007bfe80000, 0x00000007c0000000)
  eden space 294400K, 0% used [0x00000007a0000000,0x00000007a0000000,0x00000007b1f80000)
  from space 111104K, 44% used [0x00000007b1f80000,0x00000007b4f3e9e8,0x00000007b8c00000)
  to   space 107520K, 0% used [0x00000007b9580000,0x00000007b9580000,0x00000007bfe80000)
 ParOldGen       total 377856K, used 249920K [0x0000000760000000, 0x0000000777100000, 0x00000007a0000000)
  object space 377856K, 66% used [0x0000000760000000,0x000000076f4103e0,0x0000000777100000)
 Metaspace       used 99205K, capacity 102924K, committed 104064K, reserved 1140736K
  class space    used 12582K, capacity 13198K, committed 13440K, reserved 1048576K
}
Event: 3853.719 GC heap before
{Heap before GC invocations=24 (full 4):
 PSYoungGen      total 405504K, used 343290K [0x00000007a0000000, 0x00000007bfe80000, 0x00000007c0000000)
  eden space 294400K, 100% used [0x00000007a0000000,0x00000007b1f80000,0x00000007b1f80000)
  from space 111104K, 44% used [0x00000007b1f80000,0x00000007b4f3e9e8,0x00000007b8c00000)
  to   space 107520K, 0% used [0x00000007b9580000,0x00000007b9580000,0x00000007bfe80000)
 ParOldGen       total 377856K, used 249920K [0x0000000760000000, 0x0000000777100000, 0x00000007a0000000)
  object space 377856K, 66% used [0x0000000760000000,0x000000076f4103e0,0x0000000777100000)
 Metaspace       used 99690K, capacity 103436K, committed 104576K, reserved 1140736K
  class space    used 12582K, capacity 13198K, committed 13440K, reserved 1048576K
Event: 3853.757 GC heap after
Heap after GC invocations=24 (full 4):
 PSYoungGen      total 409600K, used 68454K [0x00000007a0000000, 0x00000007c0000000, 0x00000007c0000000)
  eden space 302080K, 0% used [0x00000007a0000000,0x00000007a0000000,0x00000007b2700000)
  from space 107520K, 63% used [0x00000007b9580000,0x00000007bd859bf8,0x00000007bfe80000)
  to   space 111104K, 0% used [0x00000007b2700000,0x00000007b2700000,0x00000007b9380000)
 ParOldGen       total 377856K, used 249928K [0x0000000760000000, 0x0000000777100000, 0x00000007a0000000)
  object space 377856K, 66% used [0x0000000760000000,0x000000076f4123e0,0x0000000777100000)
 Metaspace       used 99690K, capacity 103436K, committed 104576K, reserved 1140736K
  class space    used 12582K, capacity 13198K, committed 13440K, reserved 1048576K
}
Event: 3854.699 GC heap before
{Heap before GC invocations=25 (full 4):
 PSYoungGen      total 409600K, used 370534K [0x00000007a0000000, 0x00000007c0000000, 0x00000007c0000000)
  eden space 302080K, 100% used [0x00000007a0000000,0x00000007b2700000,0x00000007b2700000)
  from space 107520K, 63% used [0x00000007b9580000,0x00000007bd859bf8,0x00000007bfe80000)
  to   space 111104K, 0% used [0x00000007b2700000,0x00000007b2700000,0x00000007b9380000)
 ParOldGen       total 377856K, used 249928K [0x0000000760000000, 0x0000000777100000, 0x00000007a0000000)
  object space 377856K, 66% used [0x0000000760000000,0x000000076f4123e0,0x0000000777100000)
 Metaspace       used 99691K, capacity 103436K, committed 104576K, reserved 1140736K
  class space    used 12582K, capacity 13198K, committed 13440K, reserved 1048576K
Event: 3854.747 GC heap after
Heap after GC invocations=25 (full 4):
 PSYoungGen      total 373760K, used 71672K [0x00000007a0000000, 0x00000007c0000000, 0x00000007c0000000)
  eden space 302080K, 0% used [0x00000007a0000000,0x00000007a0000000,0x00000007b2700000)
  from space 71680K, 99% used [0x00000007b2700000,0x00000007b6cfe0c0,0x00000007b6d00000)
  to   space 115200K, 0% used [0x00000007b8f80000,0x00000007b8f80000,0x00000007c0000000)
 ParOldGen       total 377856K, used 253745K [0x0000000760000000, 0x0000000777100000, 0x00000007a0000000)
  object space 377856K, 67% used [0x0000000760000000,0x000000076f7cc460,0x0000000777100000)
 Metaspace       used 99691K, capacity 103436K, committed 104576K, reserved 1140736K
  class space    used 12582K, capacity 13198K, committed 13440K, reserved 1048576K
}
Event: 3856.171 GC heap before
{Heap before GC invocations=26 (full 4):
 PSYoungGen      total 373760K, used 373752K [0x00000007a0000000, 0x00000007c0000000, 0x00000007c0000000)
  eden space 302080K, 100% used [0x00000007a0000000,0x00000007b2700000,0x00000007b2700000)
  from space 71680K, 99% used [0x00000007b2700000,0x00000007b6cfe0c0,0x00000007b6d00000)
  to   space 115200K, 0% used [0x00000007b8f80000,0x00000007b8f80000,0x00000007c0000000)
 ParOldGen       total 377856K, used 253745K [0x0000000760000000, 0x0000000777100000, 0x00000007a0000000)
  object space 377856K, 67% used [0x0000000760000000,0x000000076f7cc460,0x0000000777100000)
 Metaspace       used 99695K, capacity 103436K, committed 104576K, reserved 1140736K
  class space    used 12582K, capacity 13198K, committed 13440K, reserved 1048576K
Event: 3856.265 GC heap after
Heap after GC invocations=26 (full 4):
 PSYoungGen      total 333312K, used 115185K [0x00000007a0000000, 0x00000007c0000000, 0x00000007c0000000)
  eden space 218112K, 0% used [0x00000007a0000000,0x00000007a0000000,0x00000007ad500000)
  from space 115200K, 99% used [0x00000007b8f80000,0x00000007bfffc7b0,0x00000007c0000000)
  to   space 153088K, 0% used [0x00000007ad500000,0x00000007ad500000,0x00000007b6a80000)
 ParOldGen       total 377856K, used 306744K [0x0000000760000000, 0x0000000777100000, 0x00000007a0000000)
  object space 377856K, 81% used [0x0000000760000000,0x0000000772b8e270,0x0000000777100000)
 Metaspace       used 99695K, capacity 103436K, committed 104576K, reserved 1140736K
  class space    used 12582K, capacity 13198K, committed 13440K, reserved 1048576K
}
Event: 3857.391 GC heap before
{Heap before GC invocations=27 (full 4):
 PSYoungGen      total 333312K, used 327120K [0x00000007a0000000, 0x00000007c0000000, 0x00000007c0000000)
  eden space 218112K, 97% used [0x00000007a0000000,0x00000007acef7940,0x00000007ad500000)
  from space 115200K, 99% used [0x00000007b8f80000,0x00000007bfffc7b0,0x00000007c0000000)
  to   space 153088K, 0% used [0x00000007ad500000,0x00000007ad500000,0x00000007b6a80000)
 ParOldGen       total 377856K, used 306744K [0x0000000760000000, 0x0000000777100000, 0x00000007a0000000)
  object space 377856K, 81% used [0x0000000760000000,0x0000000772b8e270,0x0000000777100000)
 Metaspace       used 99719K, capacity 103442K, committed 104576K, reserved 1140736K
  class space    used 12582K, capacity 13199K, committed 13440K, reserved 1048576K
Event: 3857.455 GC heap after
Heap after GC invocations=27 (full 4):
 PSYoungGen      total 348160K, used 129563K [0x00000007a0000000, 0x00000007c0000000, 0x00000007c0000000)
  eden space 218112K, 0% used [0x00000007a0000000,0x00000007a0000000,0x00000007ad500000)
  from space 130048K, 99% used [0x00000007ad500000,0x00000007b5386f30,0x00000007b5400000)
  to   space 169984K, 0% used [0x00000007b5a00000,0x00000007b5a00000,0x00000007c0000000)
 ParOldGen       total 377856K, used 328851K [0x0000000760000000, 0x0000000777100000, 0x00000007a0000000)
  object space 377856K, 87% used [0x0000000760000000,0x0000000774124fa8,0x0000000777100000)
 Metaspace       used 99719K, capacity 103442K, committed 104576K, reserved 1140736K
  class space    used 12582K, capacity 13199K, committed 13440K, reserved 1048576K
}
Event: 3857.455 GC heap before
{Heap before GC invocations=28 (full 5):
 PSYoungGen      total 348160K, used 129563K [0x00000007a0000000, 0x00000007c0000000, 0x00000007c0000000)
  eden space 218112K, 0% used [0x00000007a0000000,0x00000007a0000000,0x00000007ad500000)
  from space 130048K, 99% used [0x00000007ad500000,0x00000007b5386f30,0x00000007b5400000)
  to   space 169984K, 0% used [0x00000007b5a00000,0x00000007b5a00000,0x00000007c0000000)
 ParOldGen       total 377856K, used 328851K [0x0000000760000000, 0x0000000777100000, 0x00000007a0000000)
  object space 377856K, 87% used [0x0000000760000000,0x0000000774124fa8,0x0000000777100000)
 Metaspace       used 99719K, capacity 103442K, committed 104576K, reserved 1140736K
  class space    used 12582K, capacity 13199K, committed 13440K, reserved 1048576K

